01100001
00100110
01001100
10001110
11101100
10011110
01010111
10100110
10010101
00100111
11110100
11101000
10100100
00100110
01010110
01001011
11110101
00101111
01100100
10101000
01100011
01011111
10001111
10000001
10000100
00011111
01000111
01110100
10100110
00110110
01100000
11101110
01000101
11010111
01110110
01101011
10100110
01111100
10100111
00111100
10100101
00010100
10110111
01010011
00101100
00000011
00100001
10011101
00100101
01010100
01000011
01000011
10111011
11010001
10110101
01101100
00011000
00110101
01000000
10001111
01110100
00111001
10111110
00011001
01001101
10100110
00100100
10110010
11110011
01010011
11100110
11010011
10111000
11011011
10010100
00011101
11010111
10100110
10110001
00110111
11000001
00001010
10011011
00100011
10010110
11010011
11111101
11111110
10110110
00000101
11000000
01010011
01000001
00101000
11010001
10010001
00011011
00100000
11000010
01000011
